<?xml version="1.0" encoding="UTF-8"?>
<testsuites name="jest tests" tests="2" failures="0" errors="0" time="21.561">
  <testsuite name="jupyterlab_unianalytics_telemetry" errors="0" failures="0" skipped="0" timestamp="2023-12-30T12:10:50" time="19.951" tests="2">
    <testcase classname="jupyterlab_unianalytics_telemetry utils: computeLength" name="jupyterlab_unianalytics_telemetry utils: computeLength" time="0.004">
    </testcase>
    <testcase classname="jupyterlab_unianalytics_telemetry utils: processCellOutput" name="jupyterlab_unianalytics_telemetry utils: processCellOutput" time="0.002">
    </testcase>
  </testsuite>
</testsuites>